<?xml version="1.0" encoding="UTF-8"?>
<testng-results ignored="0" total="2" passed="2" failed="0" skipped="0">
  <reporter-output>
  </reporter-output>
  <suite started-at="2023-07-27T10:07:54 IST" name="Suite" finished-at="2023-07-27T10:08:13 IST" duration-ms="19707">
    <groups>
    </groups>
    <test started-at="2023-07-27T10:07:54 IST" name="Test" finished-at="2023-07-27T10:08:13 IST" duration-ms="19707">
      <class name="testcases.HomePage">
        <test-method signature="test1()[pri:0, instance:testcases.HomePage@6ca8564a]" started-at="2023-07-27T10:07:54 IST" name="test1" finished-at="2023-07-27T10:08:08 IST" duration-ms="14095" status="PASS">
          <reporter-output>
          </reporter-output>
        </test-method> <!-- test1 -->
      </class> <!-- testcases.HomePage -->
      <class name="testcases.LoginPage">
        <test-method signature="test1()[pri:0, instance:testcases.LoginPage@4f209819]" started-at="2023-07-27T10:08:08 IST" name="test1" finished-at="2023-07-27T10:08:13 IST" duration-ms="5584" status="PASS">
          <reporter-output>
          </reporter-output>
        </test-method> <!-- test1 -->
      </class> <!-- testcases.LoginPage -->
    </test> <!-- Test -->
  </suite> <!-- Suite -->
</testng-results>
